============================= test session starts =============================
platform win32 -- Python 3.11.9, pytest-9.1.1, pluggy-1.6.0
rootdir: c:\Users\Administrator\Documents\Psiphon 3X-UI
configfile: pytest.ini (WARNING: ignoring pytest config in pyproject.toml!)
plugins: anyio-4.14.1, asyncio-1.4.0, respx-0.23.1
asyncio: mode=Mode.AUTO, debug=False, asyncio_default_fixture_loop_scope=None, asyncio_default_test_loop_scope=function
collected 46 items

tests\test_dashboard.py ..............................................   [100%]

============================= 46 passed in 41.97s =============================
